#
# There is insufficient memory for the Java Runtime Environment to continue.
# Native memory allocation (malloc) failed to allocate 893856 bytes for Chunk::new
# Possible reasons:
#   The system is out of physical RAM or swap space
#   The process is running with CompressedOops enabled, and the Java Heap may be blocking the growth of the native heap
# Possible solutions:
#   Reduce memory load on the system
#   Increase physical memory or swap space
#   Check if swap backing store is full
#   Decrease Java heap size (-Xmx/-Xms)
#   Decrease number of Java threads
#   Decrease Java thread stack sizes (-Xss)
#   Set larger code cache with -XX:ReservedCodeCacheSize=
#   JVM is running with Unscaled Compressed Oops mode in which the Java heap is
#     placed in the first 4GB address space. The Java Heap base address is the
#     maximum limit for the native heap growth. Please use -XX:HeapBaseMinAddress
#     to set the Java Heap base and to place the Java Heap above 4GB virtual address.
# This output file may be truncated or incomplete.
#
#  Out of Memory Error (allocation.cpp:390), pid=11564, tid=0x00000000000034f0
#
# JRE version: Java(TM) SE Runtime Environment (8.0_201-b09) (build 1.8.0_201-b09)
# Java VM: Java HotSpot(TM) 64-Bit Server VM (25.201-b09 mixed mode windows-amd64 compressed oops)
# Failed to write core dump. Minidumps are not enabled by default on client versions of Windows
#

---------------  T H R E A D  ---------------

Current thread (0x00000000181b4000):  JavaThread "C2 CompilerThread1" daemon [_thread_in_native, id=13552, stack(0x0000000019920000,0x0000000019a20000)]

Stack: [0x0000000019920000,0x0000000019a20000]
[error occurred during error reporting (printing stack bounds), id 0xc0000005]

Native frames: (J=compiled Java code, j=interpreted, Vv=VM code, C=native code)


Current CompileTask:
C2:   8944 4383       4       org.aspectj.weaver.ResolvedType::lookupResolvedMember (165 bytes)


---------------  P R O C E S S  ---------------

Java Threads: ( => current thread )
  0x000000001a497800 JavaThread "CleanCursors-2-thread-1" daemon [_thread_blocked, id=10608, stack(0x000000001ff50000,0x0000000020050000)]
  0x000000001ce52800 JavaThread "cluster-ClusterId{value='5d7f32151e22ee2d2c97ad2e', description='null'}-dcp-ecom-db:27017" daemon [_thread_in_native, id=15592, stack(0x000000001fe50000,0x000000001ff50000)]
  0x000000001a3d1800 JavaThread "CleanCursors-1-thread-1" daemon [_thread_blocked, id=13600, stack(0x000000001fc50000,0x000000001fd50000)]
  0x000000001a4ac800 JavaThread "cluster-ClusterId{value='5d7f32151e22ee2d2c97ad2d', description='null'}-dcp-ecom-db:27017" daemon [_thread_in_native, id=15148, stack(0x000000001fb50000,0x000000001fc50000)]
  0x0000000019cfd000 JavaThread "container-0" [_thread_blocked, id=15024, stack(0x000000001f650000,0x000000001f750000)]
  0x000000001e0fa800 JavaThread "Catalina-utility-2" [_thread_blocked, id=6756, stack(0x000000001f550000,0x000000001f650000)]
  0x000000001e0f9800 JavaThread "Catalina-utility-1" [_thread_blocked, id=13368, stack(0x000000001f450000,0x000000001f550000)]
  0x0000000019b50800 JavaThread "Service Thread" daemon [_thread_blocked, id=14060, stack(0x0000000019f20000,0x000000001a020000)]
  0x00000000181c3000 JavaThread "C1 CompilerThread2" daemon [_thread_in_native, id=1392, stack(0x0000000019a20000,0x0000000019b20000)]
=>0x00000000181b4000 JavaThread "C2 CompilerThread1" daemon [_thread_in_native, id=13552, stack(0x0000000019920000,0x0000000019a20000)]
  0x00000000181ae000 JavaThread "C2 CompilerThread0" daemon [_thread_in_native, id=15536, stack(0x0000000019820000,0x0000000019920000)]
  0x00000000181c1800 JavaThread "Attach Listener" daemon [_thread_blocked, id=1532, stack(0x0000000019720000,0x0000000019820000)]
  0x00000000181be000 JavaThread "Signal Dispatcher" daemon [_thread_blocked, id=15232, stack(0x0000000019620000,0x0000000019720000)]
  0x000000001819b000 JavaThread "Finalizer" daemon [_thread_blocked, id=14032, stack(0x0000000019420000,0x0000000019520000)]
  0x0000000003726000 JavaThread "Reference Handler" daemon [_thread_blocked, id=16076, stack(0x0000000019320000,0x0000000019420000)]
  0x0000000003636000 JavaThread "main" [_thread_in_Java, id=16128, stack(0x0000000003530000,0x0000000003630000)]

Other Threads:
  0x0000000018177800 VMThread [stack: 0x0000000019220000,0x0000000019320000] [id=1420]
  0x0000000019b6a000 WatcherThread [stack: 0x000000001a020000,0x000000001a120000] [id=8756]

VM state:not at safepoint (normal execution)

VM Mutex/Monitor currently owned by a thread: None

heap address: 0x0000000083200000, size: 1998 MB, Compressed Oops mode: 32-bit
Narrow klass base: 0x0000000000000000, Narrow klass shift: 3
Compressed class space size: 1073741824 Address: 0x0000000100000000

Heap:
 PSYoungGen      total 70656K, used 32905K [0x00000000d6600000, 0x00000000db000000, 0x0000000100000000)
  eden space 65536K, 42% used [0x00000000d6600000,0x00000000d8125708,0x00000000da600000)
  from space 5120K, 99% used [0x00000000dab00000,0x00000000daffcf88,0x00000000db000000)
  to   space 5120K, 0% used [0x00000000da600000,0x00000000da600000,0x00000000dab00000)
 ParOldGen       total 54784K, used 22149K [0x0000000083200000, 0x0000000086780000, 0x00000000d6600000)
  object space 54784K, 40% used [0x0000000083200000,0x00000000847a1490,0x0000000086780000)
 Metaspace       used 41851K, capacity 43388K, committed 43648K, reserved 1087488K
  class space    used 5406K, capacity 5701K, committed 5760K, reserved 1048576K

Card table byte_map: [0x0000000012af0000,0x0000000012ee0000] byte_map_base: 0x00000000126d7000

Marking Bits: (ParMarkBitMap*) 0x0000000059404ce0
 Begin Bits: [0x0000000013580000, 0x00000000154b8000)
 End Bits:   [0x00000000154b8000, 0x00000000173f0000)

Polling page: 0x00000000033d0000

CodeCache: size=245760Kb used=13936Kb max_used=14298Kb free=231823Kb
 bounds [0x0000000003730000, 0x0000000004560000, 0x0000000012730000]
 total_blobs=4350 nmethods=3899 adapters=363
 compilation: enabled

Compilation events (10 events):
Event: 8.915 Thread 0x00000000181c3000 nmethod 4439 0x0000000003b79b10 code [0x0000000003b79c60, 0x0000000003b79d70]
Event: 8.915 Thread 0x00000000181c3000 4440       1       org.springframework.web.context.support.ServletContextAwareProcessor::getServletConfig (5 bytes)
Event: 8.915 Thread 0x00000000181c3000 nmethod 4440 0x0000000003b79850 code [0x0000000003b799a0, 0x0000000003b79ab0]
Event: 8.918 Thread 0x00000000181c3000 4441       3       org.springframework.asm.Label::addLineNumber (89 bytes)
Event: 8.918 Thread 0x00000000181c3000 nmethod 4441 0x0000000003b79050 code [0x0000000003b791e0, 0x0000000003b79688]
Event: 8.918 Thread 0x00000000181c3000 4443   !   3       com.sun.proxy.$Proxy67::annotationType (29 bytes)
Event: 8.918 Thread 0x00000000181c3000 nmethod 4443 0x0000000003b788d0 code [0x0000000003b78a60, 0x0000000003b78e98]
Event: 8.918 Thread 0x00000000181c3000 4442       3       org.springframework.asm.MethodVisitor::visitLineNumber (17 bytes)
Event: 8.918 Thread 0x00000000181c3000 nmethod 4442 0x0000000003b78410 code [0x0000000003b78580, 0x0000000003b787e8]
Event: 8.934 Thread 0x00000000181c3000 4444       3       org.springframework.asm.ClassReader::readCode (5085 bytes)

GC Heap History (10 events):
Event: 3.741 GC heap before
{Heap before GC invocations=6 (full 1):
 PSYoungGen      total 70656K, used 65536K [0x00000000d6600000, 0x00000000db000000, 0x0000000100000000)
  eden space 65536K, 100% used [0x00000000d6600000,0x00000000da600000,0x00000000da600000)
  from space 5120K, 0% used [0x00000000dab00000,0x00000000dab00000,0x00000000db000000)
  to   space 5120K, 0% used [0x00000000da600000,0x00000000da600000,0x00000000dab00000)
 ParOldGen       total 54784K, used 7233K [0x0000000083200000, 0x0000000086780000, 0x00000000d6600000)
  object space 54784K, 13% used [0x0000000083200000,0x00000000839104c8,0x0000000086780000)
 Metaspace       used 24697K, capacity 25432K, committed 25728K, reserved 1071104K
  class space    used 3203K, capacity 3395K, committed 3456K, reserved 1048576K
Event: 3.755 GC heap after
Heap after GC invocations=6 (full 1):
 PSYoungGen      total 70656K, used 5096K [0x00000000d6600000, 0x00000000db000000, 0x0000000100000000)
  eden space 65536K, 0% used [0x00000000d6600000,0x00000000d6600000,0x00000000da600000)
  from space 5120K, 99% used [0x00000000da600000,0x00000000daafa0f8,0x00000000dab00000)
  to   space 5120K, 0% used [0x00000000dab00000,0x00000000dab00000,0x00000000db000000)
 ParOldGen       total 54784K, used 10359K [0x0000000083200000, 0x0000000086780000, 0x00000000d6600000)
  object space 54784K, 18% used [0x0000000083200000,0x0000000083c1dcc0,0x0000000086780000)
 Metaspace       used 24697K, capacity 25432K, committed 25728K, reserved 1071104K
  class space    used 3203K, capacity 3395K, committed 3456K, reserved 1048576K
}
Event: 5.258 GC heap before
{Heap before GC invocations=7 (full 1):
 PSYoungGen      total 70656K, used 70632K [0x00000000d6600000, 0x00000000db000000, 0x0000000100000000)
  eden space 65536K, 100% used [0x00000000d6600000,0x00000000da600000,0x00000000da600000)
  from space 5120K, 99% used [0x00000000da600000,0x00000000daafa0f8,0x00000000dab00000)
  to   space 5120K, 0% used [0x00000000dab00000,0x00000000dab00000,0x00000000db000000)
 ParOldGen       total 54784K, used 10359K [0x0000000083200000, 0x0000000086780000, 0x00000000d6600000)
  object space 54784K, 18% used [0x0000000083200000,0x0000000083c1dcc0,0x0000000086780000)
 Metaspace       used 28919K, capacity 29856K, committed 30208K, reserved 1075200K
  class space    used 3770K, capacity 3983K, committed 4096K, reserved 1048576K
Event: 5.278 GC heap after
Heap after GC invocations=7 (full 1):
 PSYoungGen      total 70656K, used 5088K [0x00000000d6600000, 0x00000000db000000, 0x0000000100000000)
  eden space 65536K, 0% used [0x00000000d6600000,0x00000000d6600000,0x00000000da600000)
  from space 5120K, 99% used [0x00000000dab00000,0x00000000daff8020,0x00000000db000000)
  to   space 5120K, 0% used [0x00000000da600000,0x00000000da600000,0x00000000dab00000)
 ParOldGen       total 54784K, used 15490K [0x0000000083200000, 0x0000000086780000, 0x00000000d6600000)
  object space 54784K, 28% used [0x0000000083200000,0x0000000084120b78,0x0000000086780000)
 Metaspace       used 28919K, capacity 29856K, committed 30208K, reserved 1075200K
  class space    used 3770K, capacity 3983K, committed 4096K, reserved 1048576K
}
Event: 7.119 GC heap before
{Heap before GC invocations=8 (full 1):
 PSYoungGen      total 70656K, used 53736K [0x00000000d6600000, 0x00000000db000000, 0x0000000100000000)
  eden space 65536K, 74% used [0x00000000d6600000,0x00000000d9582220,0x00000000da600000)
  from space 5120K, 99% used [0x00000000dab00000,0x00000000daff8020,0x00000000db000000)
  to   space 5120K, 0% used [0x00000000da600000,0x00000000da600000,0x00000000dab00000)
 ParOldGen       total 54784K, used 15490K [0x0000000083200000, 0x0000000086780000, 0x00000000d6600000)
  object space 54784K, 28% used [0x0000000083200000,0x0000000084120b78,0x0000000086780000)
 Metaspace       used 34020K, capacity 35306K, committed 35456K, reserved 1079296K
  class space    used 4361K, capacity 4612K, committed 4736K, reserved 1048576K
Event: 7.129 GC heap after
Heap after GC invocations=8 (full 1):
 PSYoungGen      total 70656K, used 5088K [0x00000000d6600000, 0x00000000db000000, 0x0000000100000000)
  eden space 65536K, 0% used [0x00000000d6600000,0x00000000d6600000,0x00000000da600000)
  from space 5120K, 99% used [0x00000000da600000,0x00000000daaf8020,0x00000000dab00000)
  to   space 5120K, 0% used [0x00000000dab00000,0x00000000dab00000,0x00000000db000000)
 ParOldGen       total 54784K, used 21745K [0x0000000083200000, 0x0000000086780000, 0x00000000d6600000)
  object space 54784K, 39% used [0x0000000083200000,0x000000008473c6b0,0x0000000086780000)
 Metaspace       used 34020K, capacity 35306K, committed 35456K, reserved 1079296K
  class space    used 4361K, capacity 4612K, committed 4736K, reserved 1048576K
}
Event: 7.129 GC heap before
{Heap before GC invocations=9 (full 2):
 PSYoungGen      total 70656K, used 5088K [0x00000000d6600000, 0x00000000db000000, 0x0000000100000000)
  eden space 65536K, 0% used [0x00000000d6600000,0x00000000d6600000,0x00000000da600000)
  from space 5120K, 99% used [0x00000000da600000,0x00000000daaf8020,0x00000000dab00000)
  to   space 5120K, 0% used [0x00000000dab00000,0x00000000dab00000,0x00000000db000000)
 ParOldGen       total 54784K, used 21745K [0x0000000083200000, 0x0000000086780000, 0x00000000d6600000)
  object space 54784K, 39% used [0x0000000083200000,0x000000008473c6b0,0x0000000086780000)
 Metaspace       used 34020K, capacity 35306K, committed 35456K, reserved 1079296K
  class space    used 4361K, capacity 4612K, committed 4736K, reserved 1048576K
Event: 7.197 GC heap after
Heap after GC invocations=9 (full 2):
 PSYoungGen      total 70656K, used 0K [0x00000000d6600000, 0x00000000db000000, 0x0000000100000000)
  eden space 65536K, 0% used [0x00000000d6600000,0x00000000d6600000,0x00000000da600000)
  from space 5120K, 0% used [0x00000000da600000,0x00000000da600000,0x00000000dab00000)
  to   space 5120K, 0% used [0x00000000dab00000,0x00000000dab00000,0x00000000db000000)
 ParOldGen       total 54784K, used 19437K [0x0000000083200000, 0x0000000086780000, 0x00000000d6600000)
  object space 54784K, 35% used [0x0000000083200000,0x00000000844fb5a8,0x0000000086780000)
 Metaspace       used 34020K, capacity 35306K, committed 35456K, reserved 1079296K
  class space    used 4361K, capacity 4612K, committed 4736K, reserved 1048576K
}
Event: 8.593 GC heap before
{Heap before GC invocations=10 (full 2):
 PSYoungGen      total 70656K, used 65536K [0x00000000d6600000, 0x00000000db000000, 0x0000000100000000)
  eden space 65536K, 100% used [0x00000000d6600000,0x00000000da600000,0x00000000da600000)
  from space 5120K, 0% used [0x00000000da600000,0x00000000da600000,0x00000000dab00000)
  to   space 5120K, 0% used [0x00000000dab00000,0x00000000dab00000,0x00000000db000000)
 ParOldGen       total 54784K, used 19437K [0x0000000083200000, 0x0000000086780000, 0x00000000d6600000)
  object space 54784K, 35% used [0x0000000083200000,0x00000000844fb5a8,0x0000000086780000)
 Metaspace       used 40496K, capacity 41960K, committed 42112K, reserved 1085440K
  class space    used 5226K, capacity 5495K, committed 5504K, reserved 1048576K
Event: 8.602 GC heap after
Heap after GC invocations=10 (full 2):
 PSYoungGen      total 70656K, used 5107K [0x00000000d6600000, 0x00000000db000000, 0x0000000100000000)
  eden space 65536K, 0% used [0x00000000d6600000,0x00000000d6600000,0x00000000da600000)
  from space 5120K, 99% used [0x00000000dab00000,0x00000000daffcf88,0x00000000db000000)
  to   space 5120K, 0% used [0x00000000da600000,0x00000000da600000,0x00000000dab00000)
 ParOldGen       total 54784K, used 22149K [0x0000000083200000, 0x0000000086780000, 0x00000000d6600000)
  object space 54784K, 40% used [0x0000000083200000,0x00000000847a1490,0x0000000086780000)
 Metaspace       used 40496K, capacity 41960K, committed 42112K, reserved 1085440K
  class space    used 5226K, capacity 5495K, committed 5504K, reserved 1048576K
}

Deoptimization events (10 events):
Event: 8.842 Thread 0x0000000003636000 Uncommon trap: reason=unstable_if action=reinterpret pc=0x00000000038b4858 method=java.lang.Class$MethodArray.removeLessSpecifics()V @ 78
Event: 8.844 Thread 0x0000000003636000 Uncommon trap: reason=class_check action=maybe_recompile pc=0x0000000004460f88 method=org.aspectj.weaver.ResolvedType.lookupResolvedMember(Lorg/aspectj/weaver/ResolvedMember;ZZ)Lorg/aspectj/weaver/ResolvedMember; @ 123
Event: 8.844 Thread 0x0000000003636000 Uncommon trap: reason=class_check action=maybe_recompile pc=0x0000000004460f88 method=org.aspectj.weaver.ResolvedType.lookupResolvedMember(Lorg/aspectj/weaver/ResolvedMember;ZZ)Lorg/aspectj/weaver/ResolvedMember; @ 123
Event: 8.844 Thread 0x0000000003636000 Uncommon trap: reason=unstable_if action=reinterpret pc=0x0000000003e17808 method=java.lang.Class$MethodArray.removeLessSpecifics()V @ 78
Event: 8.844 Thread 0x0000000003636000 Uncommon trap: reason=class_check action=maybe_recompile pc=0x0000000004460f88 method=org.aspectj.weaver.ResolvedType.lookupResolvedMember(Lorg/aspectj/weaver/ResolvedMember;ZZ)Lorg/aspectj/weaver/ResolvedMember; @ 123
Event: 8.844 Thread 0x0000000003636000 Uncommon trap: reason=class_check action=maybe_recompile pc=0x0000000004460f88 method=org.aspectj.weaver.ResolvedType.lookupResolvedMember(Lorg/aspectj/weaver/ResolvedMember;ZZ)Lorg/aspectj/weaver/ResolvedMember; @ 123
Event: 8.850 Thread 0x0000000003636000 Uncommon trap: reason=class_check action=maybe_recompile pc=0x0000000004264960 method=org.springframework.beans.factory.support.AbstractBeanFactory.isTypeMatch(Ljava/lang/String;Lorg/springframework/core/ResolvableType;)Z @ 47
Event: 8.853 Thread 0x0000000003636000 Uncommon trap: reason=class_check action=maybe_recompile pc=0x0000000004264960 method=org.springframework.beans.factory.support.AbstractBeanFactory.isTypeMatch(Ljava/lang/String;Lorg/springframework/core/ResolvableType;)Z @ 47
Event: 8.855 Thread 0x0000000003636000 Uncommon trap: reason=class_check action=maybe_recompile pc=0x0000000004264960 method=org.springframework.beans.factory.support.AbstractBeanFactory.isTypeMatch(Ljava/lang/String;Lorg/springframework/core/ResolvableType;)Z @ 47
Event: 8.858 Thread 0x0000000003636000 Uncommon trap: reason=class_check action=maybe_recompile pc=0x0000000004264960 method=org.springframework.beans.factory.support.AbstractBeanFactory.isTypeMatch(Ljava/lang/String;Lorg/springframework/core/ResolvableType;)Z @ 47

Classes redefined (0 events):
No events

Internal exceptions (10 events):
Event: 8.680 Thread 0x0000000003636000 Implicit null exception at 0x0000000003a6838f to 0x0000000003a683fd
Event: 8.814 Thread 0x0000000003636000 Exception <a 'java/lang/ClassNotFoundException': java/lang/ObjectCustomizer> (0x00000000d75fefe0) thrown at [C:\re\workspace\8-2-build-windows-amd64-cygwin\jdk8u201\12322\hotspot\src\share\vm\classfile\systemDictionary.cpp, line 210]
Event: 8.815 Thread 0x0000000003636000 Exception <a 'java/lang/ClassNotFoundException': org/springframework/plugin/core/support/AbstractTypeAwareSupportCustomizer> (0x00000000d761bee8) thrown at [C:\re\workspace\8-2-build-windows-amd64-cygwin\jdk8u201\12322\hotspot\src\share\vm\classfile\syste
Event: 8.816 Thread 0x0000000003636000 Exception <a 'java/lang/ClassNotFoundException': org/springframework/plugin/core/support/PluginRegistryFactoryBeanCustomizer> (0x00000000d763ea50) thrown at [C:\re\workspace\8-2-build-windows-amd64-cygwin\jdk8u201\12322\hotspot\src\share\vm\classfile\syst
Event: 8.818 Thread 0x0000000003636000 Exception <a 'java/lang/ClassNotFoundException': org/springframework/beans/factory/FactoryBeanCustomizer> (0x00000000d76711f8) thrown at [C:\re\workspace\8-2-build-windows-amd64-cygwin\jdk8u201\12322\hotspot\src\share\vm\classfile\systemDictionary.cpp, li
Event: 8.819 Thread 0x0000000003636000 Exception <a 'java/lang/ClassNotFoundException': org/springframework/context/ApplicationContextAwareCustomizer> (0x00000000d768c800) thrown at [C:\re\workspace\8-2-build-windows-amd64-cygwin\jdk8u201\12322\hotspot\src\share\vm\classfile\systemDictionary.c
Event: 8.820 Thread 0x0000000003636000 Exception <a 'java/lang/ClassNotFoundException': org/springframework/beans/factory/AwareCustomizer> (0x00000000d76a1620) thrown at [C:\re\workspace\8-2-build-windows-amd64-cygwin\jdk8u201\12322\hotspot\src\share\vm\classfile\systemDictionary.cpp, line 210
Event: 8.820 Thread 0x0000000003636000 Exception <a 'java/lang/ClassNotFoundException': org/springframework/context/ApplicationListenerCustomizer> (0x00000000d76b68f8) thrown at [C:\re\workspace\8-2-build-windows-amd64-cygwin\jdk8u201\12322\hotspot\src\share\vm\classfile\systemDictionary.cpp, 
Event: 8.821 Thread 0x0000000003636000 Exception <a 'java/lang/ClassNotFoundException': java/util/EventListenerCustomizer> (0x00000000d76bff18) thrown at [C:\re\workspace\8-2-build-windows-amd64-cygwin\jdk8u201\12322\hotspot\src\share\vm\classfile\systemDictionary.cpp, line 210]
Event: 8.821 Thread 0x0000000003636000 Exception <a 'java/lang/ClassNotFoundException': org/springframework/beans/factory/InitializingBeanCustomizer> (0x00000000d76d5de8) thrown at [C:\re\workspace\8-2-build-windows-amd64-cygwin\jdk8u201\12322\hotspot\src\share\vm\classfile\systemDictionary.cp

Events (10 events):
Event: 8.911 loading class com/google/common/cache/LocalCache$AccessQueue$1
Event: 8.911 loading class com/google/common/cache/LocalCache$AccessQueue$1 done
Event: 8.913 loading class springfox/documentation/RequestHandlerKey
Event: 8.913 loading class springfox/documentation/RequestHandlerKey done
Event: 8.914 loading class springfox/documentation/RequestHandler
Event: 8.914 loading class springfox/documentation/RequestHandler done
Event: 8.916 loading class springfox/documentation/spi/schema/contexts/ModelContext
Event: 8.916 loading class springfox/documentation/spi/schema/contexts/ModelContext done
Event: 8.919 loading class springfox/documentation/schema/CachingModelProvider$1
Event: 8.919 loading class springfox/documentation/schema/CachingModelProvider$1 done


Dynamic libraries:
0x00007ff7f8620000 - 0x00007ff7f8657000 	C:\Users\pparaska\Downloads\JavaJDK\bin\java.exe
0x00007ffca7640000 - 0x00007ffca782d000 	C:\WINDOWS\SYSTEM32\ntdll.dll
0x00007ffca52c0000 - 0x00007ffca5373000 	C:\WINDOWS\System32\KERNEL32.DLL
0x00007ffca4400000 - 0x00007ffca4693000 	C:\WINDOWS\System32\KERNELBASE.dll
0x000000005ac30000 - 0x000000005acc5000 	C:\WINDOWS\System32\SYSFER.DLL
0x00007ffca6c40000 - 0x00007ffca6ce3000 	C:\WINDOWS\System32\ADVAPI32.dll
0x00007ffca4da0000 - 0x00007ffca4e3e000 	C:\WINDOWS\System32\msvcrt.dll
0x00007ffca4d00000 - 0x00007ffca4d9e000 	C:\WINDOWS\System32\sechost.dll
0x00007ffca71c0000 - 0x00007ffca72e2000 	C:\WINDOWS\System32\RPCRT4.dll
0x00007ffca5500000 - 0x00007ffca5697000 	C:\WINDOWS\System32\USER32.dll
0x00007ffca38d0000 - 0x00007ffca38f0000 	C:\WINDOWS\System32\win32u.dll
0x00007ffca6e60000 - 0x00007ffca6e89000 	C:\WINDOWS\System32\GDI32.dll
0x00007ffca3710000 - 0x00007ffca38a9000 	C:\WINDOWS\System32\gdi32full.dll
0x00007ffca47a0000 - 0x00007ffca4840000 	C:\WINDOWS\System32\msvcp_win.dll
0x00007ffca46a0000 - 0x00007ffca479a000 	C:\WINDOWS\System32\ucrtbase.dll
0x00007ffc90e60000 - 0x00007ffc910d9000 	C:\WINDOWS\WinSxS\amd64_microsoft.windows.common-controls_6595b64144ccf1df_6.0.17763.678_none_05b74150071d72bf\COMCTL32.dll
0x00007ffca4880000 - 0x00007ffca4bac000 	C:\WINDOWS\System32\combase.dll
0x00007ffca38f0000 - 0x00007ffca396e000 	C:\WINDOWS\System32\bcryptPrimitives.dll
0x00007ffca4870000 - 0x00007ffca4878000 	C:\WINDOWS\System32\psapi.dll
0x00007ffca6e90000 - 0x00007ffca6ebe000 	C:\WINDOWS\System32\IMM32.DLL
0x00007ffca33b0000 - 0x00007ffca3538000 	C:\Program Files\Avecto\Privilege Guard Client\PGHook.dll
0x00007ffca38b0000 - 0x00007ffca38c7000 	C:\WINDOWS\System32\CRYPTSP.dll
0x00007ffca32d0000 - 0x00007ffca3303000 	C:\WINDOWS\system32\rsaenh.dll
0x00007ffca4840000 - 0x00007ffca4866000 	C:\WINDOWS\System32\bcrypt.dll
0x00007ffca32a0000 - 0x00007ffca32ac000 	C:\WINDOWS\SYSTEM32\CRYPTBASE.dll
0x00007ffca5750000 - 0x00007ffca6c40000 	C:\WINDOWS\System32\shell32.dll
0x00007ffca43b0000 - 0x00007ffca43fa000 	C:\WINDOWS\System32\cfgmgr32.dll
0x00007ffca56a0000 - 0x00007ffca5748000 	C:\WINDOWS\System32\shcore.dll
0x00007ffca3c00000 - 0x00007ffca434a000 	C:\WINDOWS\System32\windows.storage.dll
0x00007ffca3640000 - 0x00007ffca3664000 	C:\WINDOWS\System32\profapi.dll
0x00007ffca3670000 - 0x00007ffca36cd000 	C:\WINDOWS\System32\powrprof.dll
0x00007ffca7160000 - 0x00007ffca71b2000 	C:\WINDOWS\System32\shlwapi.dll
0x00007ffca36d0000 - 0x00007ffca36e1000 	C:\WINDOWS\System32\kernel.appcore.dll
0x000000005a130000 - 0x000000005a201000 	C:\Users\pparaska\Downloads\JavaJDK\jre\bin\msvcr100.dll
0x0000000058be0000 - 0x0000000059484000 	C:\Users\pparaska\Downloads\JavaJDK\jre\bin\server\jvm.dll
0x00007ffc93300000 - 0x00007ffc93309000 	C:\WINDOWS\SYSTEM32\WSOCK32.dll
0x00007ffca7070000 - 0x00007ffca70dd000 	C:\WINDOWS\System32\WS2_32.dll
0x00007ffca1720000 - 0x00007ffca1744000 	C:\WINDOWS\SYSTEM32\WINMM.dll
0x00007ffc93250000 - 0x00007ffc9325a000 	C:\WINDOWS\SYSTEM32\VERSION.dll
0x00007ffca16f0000 - 0x00007ffca171d000 	C:\WINDOWS\SYSTEM32\WINMMBASE.dll
0x00007ffc96d90000 - 0x00007ffc96d9f000 	C:\Users\pparaska\Downloads\JavaJDK\jre\bin\verify.dll
0x00007ffc86330000 - 0x00007ffc86359000 	C:\Users\pparaska\Downloads\JavaJDK\jre\bin\java.dll
0x00007ffc8ad00000 - 0x00007ffc8ad16000 	C:\Users\pparaska\Downloads\JavaJDK\jre\bin\zip.dll
0x00007ffc9ff90000 - 0x00007ffc9ff9d000 	C:\Users\pparaska\Downloads\JavaJDK\jre\bin\management.dll
0x00007ffc8f610000 - 0x00007ffc8f62a000 	C:\Users\pparaska\Downloads\JavaJDK\jre\bin\net.dll
0x00007ffc9cb00000 - 0x00007ffc9ccd7000 	C:\WINDOWS\SYSTEM32\urlmon.dll
0x00007ffc988f0000 - 0x00007ffc98b98000 	C:\WINDOWS\SYSTEM32\iertutil.dll
0x00007ffca2c80000 - 0x00007ffca2ce7000 	C:\WINDOWS\system32\mswsock.dll
0x00007ffc92490000 - 0x00007ffc924a6000 	C:\WINDOWS\system32\napinsp.dll
0x00007ffc9e6c0000 - 0x00007ffc9e6da000 	C:\WINDOWS\system32\pnrpnsp.dll
0x00007ffca29f0000 - 0x00007ffca2ab6000 	C:\WINDOWS\SYSTEM32\DNSAPI.dll
0x00007ffca7420000 - 0x00007ffca7428000 	C:\WINDOWS\System32\NSI.dll
0x00007ffca29a0000 - 0x00007ffca29dd000 	C:\WINDOWS\SYSTEM32\IPHLPAPI.DLL
0x00007ffc929d0000 - 0x00007ffc929de000 	C:\WINDOWS\System32\winrnr.dll
0x00007ffc9fe00000 - 0x00007ffc9fe1b000 	C:\WINDOWS\system32\NLAapi.dll
0x00007ffc93790000 - 0x00007ffc937a5000 	C:\WINDOWS\system32\wshbth.dll
0x00007ffc9e640000 - 0x00007ffc9e64a000 	C:\Windows\System32\rasadhlp.dll
0x00007ffc9fa30000 - 0x00007ffc9faa9000 	C:\WINDOWS\System32\fwpuclnt.dll
0x00007ffc8f5f0000 - 0x00007ffc8f601000 	C:\Users\pparaska\Downloads\JavaJDK\jre\bin\nio.dll
0x00007ffca3570000 - 0x00007ffca3598000 	C:\WINDOWS\SYSTEM32\USERENV.dll
0x00007ffc9f890000 - 0x00007ffc9f8a6000 	C:\WINDOWS\SYSTEM32\dhcpcsvc6.DLL
0x00007ffc9f7f0000 - 0x00007ffc9f80c000 	C:\WINDOWS\SYSTEM32\dhcpcsvc.DLL
0x00007ffc9ff60000 - 0x00007ffc9ff84000 	C:\Users\pparaska\Downloads\JavaJDK\jre\bin\sunec.dll

VM Arguments:
jvm_args: -Dfile.encoding=windows-1252 -Duser.country=IN -Duser.language=en -Duser.variant 
java_command: com.cg.dcp.ecom.productintegration.ProductIntegrationApplication
java_class_path (initial): C:\Users\pparaska\Desktop\products\product-integration\dcp-ecom-productintegration\build\classes\java\main;C:\Users\pparaska\Desktop\products\product-integration\dcp-ecom-productintegration\build\resources\main;C:\Users\pparaska\.m2\repository\com\cg\dcp\common\0.1.0-SNAPSHOT\common-0.1.0-SNAPSHOT.jar;C:\Users\pparaska\.m2\repository\com\cg\dcp\commonmodel\0.1.0-SNAPSHOT\commonmodel-0.1.0-SNAPSHOT.jar;C:\Users\pparaska\.gradle\caches\modules-2\files-2.1\org.springframework.boot\spring-boot-starter-data-mongodb\2.1.6.RELEASE\2474b0d70d4dc2d01ace3bfea476ef52048d679d\spring-boot-starter-data-mongodb-2.1.6.RELEASE.jar;C:\Users\pparaska\.gradle\caches\modules-2\files-2.1\org.springframework.boot\spring-boot-starter-web\2.1.6.RELEASE\8d232c9366b4ef3f5a919e48efb2228528391914\spring-boot-starter-web-2.1.6.RELEASE.jar;C:\Users\pparaska\.m2\repository\io\springfox\springfox-swagger2\2.9.2\springfox-swagger2-2.9.2.jar;C:\Users\pparaska\.gradle\caches\modules-2\files-2.1\org.mapstruct\mapstruct\1.3.0.Final\93cc0bbb46862bf998175f8b141d8136f26c2cc9\mapstruct-1.3.0.Final.jar;C:\Users\pparaska\.gradle\caches\modules-2\files-2.1\org.apache.commons\commons-lang3\3.9\122c7cee69b53ed4a7681c03d4ee4c0e2765da5\commons-lang3-3.9.jar;C:\Users\pparaska\.gradle\caches\modules-2\files-2.1\org.projectlombok\lombok\1.18.8\448003bc1b234aac04b58e27d7755c12c3ec4236\lombok-1.18.8.jar;C:\Users\pparaska\.m2\repository\io\springfox\springfox-swagger-common\2.9.2\springfox-swagger-common-2.9.2.jar;C:\Users\pparaska\.m2\repository\io\swagger\swagger-models\1.5.20\swagger-models-1.5.20.jar;C:\Users\pparaska\.m2\repository\io\swagger\swagger-annotations\1.5.0\swagger-annotations-1.5.0.jar;C:\Users\pparaska\.gradle\caches\modules-2\files-2.1\org.springframework.data\spring-data-mongodb\2.1.9.RELEASE\2291743f0883350ea66519b90f5ea39178ceede8\spring-data-mongodb-2.1.9.RELEASE.jar;C:\Users\pparaska\.gradle\caches\modules-2\files-2.1\org.springframework.boot\spring-boot-starter-aop\2
Launcher Type: SUN_STANDARD

Environment Variables:
JAVA_HOME=C:\Users\pparaska\Downloads\JavaJDK
PATH=C:\WINDOWS\system32;C:\WINDOWS;C:\WINDOWS\System32\Wbem;C:\WINDOWS\System32\WindowsPowerShell\v1.0\;C:\Program Files (x86)\QuickTime\QTSystem\;C:\Program Files\CapgeminiScripts\Support Tools\;C:\Program Files\MySQL\MySQL Utilities 1.6\;C:\Program Files\nodejs\;C:\WINDOWS\System32\OpenSSH\;C:\Users\pparaska\AppData\Local\Microsoft\WindowsApps;C:\Users\pparaska\AppData\Local\Programs\Git\cmd;C:\Users\pparaska\AppData\Roaming\npm;C:\Users\pparaska\Downloads\sonarqube-6.7.6\bin\windows-x86-64;C:\Users\pparaska\Downloads\gradle-5.4.1\bin;C:\Users\pparaska\Downloads\JavaJDK\bin;C:\Users\pparaska\Downloads\gradle-5.4.1\bin;C:\Users\pparaska\Downloads\sonarqube-7.8\bin\windows-x86-64;C:\Users\pparaska\Downloads\apache-maven-3.6.1\bin;C:\Users\pparaska\AppData\Local\Programs\Microsoft VS Code\bin;C:\New folder\node-v10.16.2-win-x64;
USERNAME=pparaska
OS=Windows_NT
PROCESSOR_IDENTIFIER=Intel64 Family 6 Model 60 Stepping 3, GenuineIntel



---------------  S Y S T E M  ---------------

OS: Windows 10.0 , 64 bit Build 17763 (10.0.17763.475)

CPU:total 4 (initial active 4) (4 cores per cpu, 1 threads per core) family 6 model 60 stepping 3, cmov, cx8, fxsr, mmx, sse, sse2, sse3, ssse3, sse4.1, sse4.2, popcnt, avx, avx2, aes, clmul, erms, lzcnt, tsc, tscinvbit, bmi1, bmi2

Memory: 4k page, physical 8177440k(1188376k free), swap 10116896k(4140k free)

vm_info: Java HotSpot(TM) 64-Bit Server VM (25.201-b09) for windows-amd64 JRE (1.8.0_201-b09), built on Dec 15 2018 18:36:39 by "java_re" with MS VC++ 10.0 (VS2010)

time: Mon Sep 16 12:26:22 2019
timezone: India Standard Time
elapsed time: 8 seconds (0d 0h 0m 8s)

